<?xml version="1.0" encoding="UTF-8"?>
<!-- Generated by org.testng.reporters.JUnitReportReporter -->
<testsuite skipped="0" hostname="NINADP" name="TestCases.CreateBookingAndAcceptTest" tests="1" failures="0" timestamp="19 Apr 2019 11:52:10 GMT" time="122.308" errors="0">
  <testcase name="createBookingAccept" time="122.308" classname="TestCases.CreateBookingAndAcceptTest"/>
</testsuite> <!-- TestCases.CreateBookingAndAcceptTest -->
