<?xml version="1.0" encoding="UTF-8"?>
<!-- Generated by org.testng.reporters.JUnitReportReporter -->
<testsuite skipped="0" hostname="NINADP" name="TestCases.CreateBookingRequest" tests="1" failures="0" timestamp="01 Apr 2019 13:37:09 GMT" time="123.618" errors="0">
  <testcase name="createBookingOneFL" time="123.618" classname="TestCases.CreateBookingRequest"/>
</testsuite> <!-- TestCases.CreateBookingRequest -->
