<?xml version="1.0" encoding="UTF-8"?>
<!-- Generated by org.testng.reporters.JUnitReportReporter -->
<testsuite skipped="0" hostname="NINADP" name="TestCases.CreateBookingAndTentativeAcceptTest" tests="1" failures="0" timestamp="19 Apr 2019 11:52:10 GMT" time="117.960" errors="0">
  <testcase name="createBookingTentativeAccept" time="117.960" classname="TestCases.CreateBookingAndTentativeAcceptTest"/>
</testsuite> <!-- TestCases.CreateBookingAndTentativeAcceptTest -->
