<?xml version="1.0" encoding="UTF-8"?>
<!-- Generated by org.testng.reporters.JUnitReportReporter -->
<testsuite skipped="0" hostname="NINADP" name="TestCases.CreateBookingAndRejectTest" tests="1" failures="0" timestamp="19 Apr 2019 11:52:10 GMT" time="123.354" errors="0">
  <testcase name="createBookingReject" time="123.354" classname="TestCases.CreateBookingAndRejectTest"/>
</testsuite> <!-- TestCases.CreateBookingAndRejectTest -->
